<?xml version="1.0" encoding="UTF-8" ?>
<testsuite tests="7" failures="7" name="view.CustomerJFrameTest" time="2.202" errors="0" skipped="0">
  <properties>
[...]
</properties>
  <testcase classname="view.CustomerJFrameTest" name="view.CustomerJFrameTest.testAdressValidation" time="2.089">
    <failure message="org/junit/Assert" type="java.lang.NoClassDefFoundError">java.lang.NoClassDefFoundError: org/junit/Assert
	at view.CustomerJFrameTest.testAdressValidation(CustomerJFrameTest.java:136)
Caused by: java.lang.ClassNotFoundException: org.junit.Assert
	at java.net.URLClassLoader.findClass(URLClassLoader.java:381)
	at java.lang.ClassLoader.loadClass(ClassLoader.java:424)
	at sun.misc.Launcher$AppClassLoader.loadClass(Launcher.java:331)
	at java.lang.ClassLoader.loadClass(ClassLoader.java:357)
	... 19 more
</failure>
    <system-out>AdressValidation
</system-out>
    <system-err>maj 25, 2015 3:37:45 PM org.hibernate.annotations.common.reflection.java.JavaReflectionManager &lt;clinit&gt;
INFO: HCANN000001: Hibernate Commons Annotations {4.0.4.Final}
maj 25, 2015 3:37:45 PM org.hibernate.Version logVersion
INFO: HHH000412: Hibernate Core {4.3.1.Final}
maj 25, 2015 3:37:45 PM org.hibernate.cfg.Environment &lt;clinit&gt;
INFO: HHH000206: hibernate.properties not found
maj 25, 2015 3:37:45 PM org.hibernate.cfg.Environment buildBytecodeProvider
INFO: HHH000021: Bytecode provider name : javassist
maj 25, 2015 3:37:45 PM org.hibernate.cfg.Configuration configure
INFO: HHH000043: Configuring from resource: /hibernate.cfg.xml
maj 25, 2015 3:37:45 PM org.hibernate.cfg.Configuration getConfigurationInputStream
INFO: HHH000040: Configuration resource: /hibernate.cfg.xml
maj 25, 2015 3:37:45 PM org.hibernate.internal.util.xml.DTDEntityResolver resolveEntity
WARN: HHH000223: Recognized obsolete hibernate namespace http://hibernate.sourceforge.net/. Use namespace http://www.hibernate.org/dtd/ instead. Refer to Hibernate 3.6 Migration Guide!
maj 25, 2015 3:37:45 PM org.hibernate.cfg.Configuration doConfigure
INFO: HHH000041: Configured SessionFactory: null
maj 25, 2015 3:37:45 PM org.hibernate.engine.jdbc.connections.internal.DriverManagerConnectionProviderImpl configure
WARN: HHH000402: Using Hibernate built-in connection pool (not for production use!)
maj 25, 2015 3:37:45 PM org.hibernate.engine.jdbc.connections.internal.DriverManagerConnectionProviderImpl buildCreator
INFO: HHH000401: using driver [com.mysql.jdbc.Driver] at URL [jdbc:mysql://localhost:3306/projekt]
maj 25, 2015 3:37:45 PM org.hibernate.engine.jdbc.connections.internal.DriverManagerConnectionProviderImpl buildCreator
INFO: HHH000046: Connection properties: {user=root, password=****}
maj 25, 2015 3:37:45 PM org.hibernate.engine.jdbc.connections.internal.DriverManagerConnectionProviderImpl buildCreator
INFO: HHH000006: Autocommit mode: false
maj 25, 2015 3:37:45 PM org.hibernate.engine.jdbc.connections.internal.DriverManagerConnectionProviderImpl configure
INFO: HHH000115: Hibernate connection pool size: 20 (min=1)
maj 25, 2015 3:37:45 PM org.hibernate.dialect.Dialect &lt;init&gt;
INFO: HHH000400: Using dialect: org.hibernate.dialect.MySQLDialect
maj 25, 2015 3:37:45 PM org.hibernate.engine.transaction.internal.TransactionFactoryInitiator initiateService
INFO: HHH000399: Using default transaction strategy (direct JDBC transactions)
maj 25, 2015 3:37:45 PM org.hibernate.hql.internal.ast.ASTQueryTranslatorFactory &lt;init&gt;
INFO: HHH000397: Using ASTQueryTranslatorFactory
</system-err>
  </testcase>
  <testcase classname="view.CustomerJFrameTest" name="view.CustomerJFrameTest.testFirstNameValidation" time="0.005">
    <failure message="org/junit/Assert" type="java.lang.NoClassDefFoundError">java.lang.NoClassDefFoundError: org/junit/Assert
	at view.CustomerJFrameTest.testFirstNameValidation(CustomerJFrameTest.java:91)
</failure>
    <system-out>FirstNameValidation
</system-out>
  </testcase>
  <testcase classname="view.CustomerJFrameTest" name="view.CustomerJFrameTest.testEmailValidation" time="0.02">
    <failure message="org/junit/Assert" type="java.lang.NoClassDefFoundError">java.lang.NoClassDefFoundError: org/junit/Assert
	at view.CustomerJFrameTest.testEmailValidation(CustomerJFrameTest.java:62)
</failure>
    <system-out>EmailValidation
</system-out>
  </testcase>
  <testcase classname="view.CustomerJFrameTest" name="view.CustomerJFrameTest.testPeselValidation" time="0">
    <failure message="org/junit/Assert" type="java.lang.NoClassDefFoundError">java.lang.NoClassDefFoundError: org/junit/Assert
	at view.CustomerJFrameTest.testPeselValidation(CustomerJFrameTest.java:76)
</failure>
    <system-out>PeselValidation
</system-out>
  </testcase>
  <testcase classname="view.CustomerJFrameTest" name="view.CustomerJFrameTest.testLastNameValidation" time="0.013">
    <failure message="org/junit/Assert" type="java.lang.NoClassDefFoundError">java.lang.NoClassDefFoundError: org/junit/Assert
	at view.CustomerJFrameTest.testLastNameValidation(CustomerJFrameTest.java:106)
</failure>
    <system-out>LastNameValidation
</system-out>
  </testcase>
  <testcase classname="view.CustomerJFrameTest" name="view.CustomerJFrameTest.testPhoneValidation" time="0.017">
    <failure message="org/junit/Assert" type="java.lang.NoClassDefFoundError">java.lang.NoClassDefFoundError: org/junit/Assert
	at view.CustomerJFrameTest.testPhoneValidation(CustomerJFrameTest.java:121)
</failure>
    <system-out>PhoneValidation
</system-out>
  </testcase>
  <testcase classname="view.CustomerJFrameTest" name="view.CustomerJFrameTest.testMain" time="0.049">
    <failure message="org/junit/Assert" type="java.lang.NoClassDefFoundError">java.lang.NoClassDefFoundError: org/junit/Assert
	at view.CustomerJFrameTest.testMain(CustomerJFrameTest.java:49)
</failure>
    <system-out>main
</system-out>
  </testcase>
</testsuite>