-------------------------------------------------------------------------------
Test set: view.CustomerJFrameTest
-------------------------------------------------------------------------------
Tests run: 7, Failures: 7, Errors: 0, Skipped: 0, Time elapsed: 2.202 sec <<< FAILURE!
view.CustomerJFrameTest.testAdressValidation()  Time elapsed: 2.089 sec  <<< FAILURE!
java.lang.NoClassDefFoundError: org/junit/Assert
	at view.CustomerJFrameTest.testAdressValidation(CustomerJFrameTest.java:136)
Caused by: java.lang.ClassNotFoundException: org.junit.Assert
	at java.net.URLClassLoader.findClass(URLClassLoader.java:381)
	at java.lang.ClassLoader.loadClass(ClassLoader.java:424)
	at sun.misc.Launcher$AppClassLoader.loadClass(Launcher.java:331)
	at java.lang.ClassLoader.loadClass(ClassLoader.java:357)
	... 19 more
view.CustomerJFrameTest.testFirstNameValidation()  Time elapsed: 0.005 sec  <<< FAILURE!
java.lang.NoClassDefFoundError: org/junit/Assert
	at view.CustomerJFrameTest.testFirstNameValidation(CustomerJFrameTest.java:91)
view.CustomerJFrameTest.testEmailValidation()  Time elapsed: 0.02 sec  <<< FAILURE!
java.lang.NoClassDefFoundError: org/junit/Assert
	at view.CustomerJFrameTest.testEmailValidation(CustomerJFrameTest.java:62)
view.CustomerJFrameTest.testPeselValidation()  Time elapsed: 0 sec  <<< FAILURE!
java.lang.NoClassDefFoundError: org/junit/Assert
	at view.CustomerJFrameTest.testPeselValidation(CustomerJFrameTest.java:76)
view.CustomerJFrameTest.testLastNameValidation()  Time elapsed: 0.013 sec  <<< FAILURE!
java.lang.NoClassDefFoundError: org/junit/Assert
	at view.CustomerJFrameTest.testLastNameValidation(CustomerJFrameTest.java:106)
view.CustomerJFrameTest.testPhoneValidation()  Time elapsed: 0.017 sec  <<< FAILURE!
java.lang.NoClassDefFoundError: org/junit/Assert
	at view.CustomerJFrameTest.testPhoneValidation(CustomerJFrameTest.java:121)
view.CustomerJFrameTest.testMain()  Time elapsed: 0.049 sec  <<< FAILURE!
java.lang.NoClassDefFoundError: org/junit/Assert
	at view.CustomerJFrameTest.testMain(CustomerJFrameTest.java:49)
